<?xml version="1.0" encoding="UTF-8"?>
<testsuite name="Test with firefox"
           tests="8"
           failures="0"
           errors="0"
           skipped="0"
           time="28.804">
  <properties />
  
  
            <testcase name="Testcase_Newsfeed_Login_07_Login_With_Uppercase_Email" time="7.838" classname="testcase.Login.ComponentTest.Testcase_Login_With_EXCEL" />
                <testcase name="Testcase_Newsfeed_Login_03_Login_With_Password_Incorrect" time="0.727" classname="testcase.Login.ComponentTest.Testcase_Login_With_EXCEL" />
                <testcase name="Testcase_Newsfeed_Login_04_Login_With_Invalid_Password" time="1.118" classname="testcase.Login.ComponentTest.Testcase_Login_With_EXCEL" />
                <testcase name="Testcase_Newsfeed_Login_08_Login_With_Valid_Phone" time="7.650" classname="testcase.Login.ComponentTest.Testcase_Login_With_EXCEL" />
                <testcase name="Testcase_Newsfeed_Login_05_Login_With_Invalid_Account" time="2.604" classname="testcase.Login.ComponentTest.Testcase_Login_With_EXCEL" />
                <testcase name="Testcase_Newsfeed_Login_06_Login_With_Valid_Account" time="7.773" classname="testcase.Login.ComponentTest.Testcase_Login_With_EXCEL" />
                <testcase name="Testcase_Newsfeed_Login_02_Login_With_UserName_Not_Existed_On_Hahalolo" time="0.746" classname="testcase.Login.ComponentTest.Testcase_Login_With_EXCEL" />
                <testcase name="Testcase_Newsfeed_Login_01_Login_With_Invalid_Information" time="0.348" classname="testcase.Login.ComponentTest.Testcase_Login_With_EXCEL" />
      
</testsuite>
