<?xml version="1.0" encoding="UTF-8"?>
<testsuite name="Test with firefox"
           tests="8"
           failures="0"
           errors="0"
           skipped="0"
           time="107.877">
  <properties />
  
  
            <testcase name="Testcase_Register_03_Check_Register_New_Account_With_Invalid_Phonenumber" time="6.947" classname="testcase.SignUp.Testcase_ComponentTest_SIgnUpAccount" />
                <testcase name="Testcase_Register_07_Check_Register_New_Account_With_Invalid_Confirm_Password" time="0.739" classname="testcase.SignUp.Testcase_ComponentTest_SIgnUpAccount" />
                <testcase name="Testcase_Register_06_Check_Register_New_Account_With_Invalid_Password" time="0.774" classname="testcase.SignUp.Testcase_ComponentTest_SIgnUpAccount" />
                <testcase name="Testcase_Register_09_Check_Register_New_Account_ContainsMoreThan2Idots" time="62.416" classname="testcase.SignUp.Testcase_ComponentTest_SIgnUpAccount" />
                <testcase name="Testcase_Register_08_Check_Register_New_Account_With_UpperCase_Email" time="32.474" classname="testcase.SignUp.Testcase_ComponentTest_SIgnUpAccount" />
                <testcase name="Testcase_Register_01_Check_Register_New_Account_With_Invalid_FirstName" time="1.966" classname="testcase.SignUp.Testcase_ComponentTest_SIgnUpAccount" />
                <testcase name="Testcase_Register_03_Check_Register_New_Account_With_Invalid_Email" time="1.574" classname="testcase.SignUp.Testcase_ComponentTest_SIgnUpAccount" />
                <testcase name="Testcase_Register_02_Check_Register_New_Account_With_Invalid_LastName" time="0.987" classname="testcase.SignUp.Testcase_ComponentTest_SIgnUpAccount" />
      
</testsuite>
